TN:
SF:/home/marcus.costa/workspace/asynchronous-api-test/source/application.js
FNF:0
FNH:0
DA:2,1
DA:3,1
DA:4,1
DA:5,1
DA:7,1
DA:8,1
DA:9,1
DA:10,1
DA:12,1
LF:9
LH:9
BRF:0
BRH:0
end_of_record
TN:
SF:/home/marcus.costa/workspace/asynchronous-api-test/source/routes.js
FNF:0
FNH:0
DA:1,1
DA:2,1
DA:3,1
DA:5,1
DA:7,1
DA:9,1
DA:10,0
DA:13,1
LF:8
LH:7
BRF:0
BRH:0
end_of_record
TN:
SF:/home/marcus.costa/workspace/asynchronous-api-test/source/validation/index.js
FNF:0
FNH:0
DA:2,1
DA:3,1
DA:5,1
DA:7,1
DA:8,9
DA:9,9
DA:10,8
DA:12,1
DA:16,1
DA:17,9
DA:20,1
LF:11
LH:11
BRDA:9,1,0,8
BRDA:9,1,1,1
BRF:2
BRH:2
end_of_record
TN:
SF:/home/marcus.costa/workspace/asynchronous-api-test/source/commons/db/index.js
FNF:0
FNH:0
DA:1,1
DA:3,1
DA:7,1
DA:8,1
DA:9,0
DA:11,1
DA:12,1
DA:13,1
DA:15,1
DA:20,2
DA:22,1
DA:23,1
DA:24,1
DA:25,1
DA:26,1
DA:27,1
DA:32,1
LF:17
LH:16
BRDA:8,1,0,0
BRDA:8,1,1,1
BRDA:12,2,0,1
BRDA:12,2,1,0
BRDA:23,3,0,1
BRDA:23,3,1,0
BRF:6
BRH:3
end_of_record
TN:
SF:/home/marcus.costa/workspace/asynchronous-api-test/source/commons/logger/index.js
FNF:0
FNH:0
DA:2,1
DA:4,1
DA:22,1
LF:3
LH:3
BRF:0
BRH:0
end_of_record
TN:
SF:/home/marcus.costa/workspace/asynchronous-api-test/source/commons/conf/index.js
FNF:0
FNH:0
DA:1,1
DA:2,1
DA:4,1
DA:8,1
LF:4
LH:4
BRF:0
BRH:0
end_of_record
